\BOOKMARK [0][]{chapter.1}{\376\377\0001\000\040\176\352\213\272}{}% 1
\BOOKMARK [1][]{section.1.1}{\376\377\0001\000.\0001\000\040\136\217}{chapter.1}% 2
\BOOKMARK [2][]{subsection.1.1.1}{\376\377\0001\000.\0001\000.\0001\000\040\227\136\123\302\145\160\176\337\213\241\151\202\137\365\123\312\133\146\116\140\141\017\116\111}{section.1.1}% 3
\BOOKMARK [2][]{subsection.1.1.2}{\376\377\0001\000.\0001\000.\0002\000\040\227\136\123\302\145\160\176\337\213\241\166\204\123\206\123\362\123\312\123\321\134\125}{section.1.1}% 4
\BOOKMARK [1][]{section.1.2}{\376\377\0001\000.\0002\000\040\137\025\212\000}{chapter.1}% 5
\BOOKMARK [2][]{subsection.1.2.1}{\376\377\0001\000.\0002\000.\0001\000\040\123\302\145\160\176\337\213\241\145\271\154\325\116\016\227\136\123\302\145\160\176\337\213\241\145\271\154\325\166\204\123\072\122\053}{section.1.2}% 6
\BOOKMARK [2][]{subsection.1.2.2}{\376\377\0001\000.\0002\000.\0002\000\040\227\136\123\302\145\160\176\337\213\241\145\271\154\325\166\204\162\171\160\271}{section.1.2}% 7
\BOOKMARK [0][]{chapter.2}{\376\377\0002\000\040\143\317\217\360\140\047\176\337\213\241}{}% 8
\BOOKMARK [1][]{section.2.1}{\376\377\0002\000.\0001\000\040\126\376\210\150\154\325}{chapter.2}% 9
\BOOKMARK [1][]{section.2.2}{\376\377\0002\000.\0002\000\040\145\160\120\074\145\271\154\325}{chapter.2}% 10
\BOOKMARK [2][]{subsection.2.2.1}{\376\377\0002\000.\0002\000.\0001\000\040\210\150\171\072\116\055\137\303\117\115\177\156\166\204\145\160\120\074}{section.2.2}% 11
\BOOKMARK [2][]{subsection.2.2.2}{\376\377\0002\000.\0002\000.\0002\000\040\210\150\171\072\171\273\145\143\172\013\136\246\166\204\145\160\120\074}{section.2.2}% 12
\BOOKMARK [2][]{subsection.2.2.3}{\376\377\0002\000.\0002\000.\0003\000\040\150\007\121\306\213\357}{section.2.2}% 13
\BOOKMARK [2][]{subsection.2.2.4}{\376\377\0002\000.\0002\000.\0004\000\040\120\117\136\246}{section.2.2}% 14
\BOOKMARK [2][]{subsection.2.2.5}{\376\377\0002\000.\0002\000.\0005\000\040\134\360\136\246}{section.2.2}% 15
\BOOKMARK [0][]{chapter.3}{\376\377\0003\000\040\173\046\123\367\150\300\232\214\154\325}{}% 16
\BOOKMARK [1][]{section.3.1}{\376\377\0003\000.\0001\000\040\173\046\123\367\150\300\232\214}{chapter.3}% 17
\BOOKMARK [2][]{subsection.3.1.1}{\376\377\0003\000.\0001\000.\0001\000\040\121\167\117\123\144\315\117\134\145\271\154\325}{section.3.1}% 18
\BOOKMARK [2][]{subsection.3.1.2}{\376\377\0003\000.\0001\000.\0002\000\040\154\350\141\017\116\213\230\171}{section.3.1}% 19
\BOOKMARK [2][]{subsection.3.1.3}{\376\377\0003\000.\0001\000.\0003\000\040\116\055\117\115\145\160\166\204\117\060\213\241}{section.3.1}% 20
\BOOKMARK [1][]{section.3.2}{\376\377\0003\000.\0002\000\040\173\046\123\367\150\300\232\214\127\050\133\232\140\047\145\160\143\156\122\006\147\220\116\055\166\204\136\224\165\050}{chapter.3}% 21
\BOOKMARK [1][]{section.3.3}{\376\377\0003\000.\0003\000\040\142\020\133\371\145\160\143\156\166\204\153\324\217\203\225\356\230\230}{chapter.3}% 22
\BOOKMARK [0][]{chapter.4}{\376\377\0004\000\040\173\046\123\367\171\351\124\214\150\300\232\214\154\325}{}% 23
\BOOKMARK [1][]{section.4.1}{\376\377\0004\000.\0001\000\040\133\371\171\360\116\055\137\303\116\072\123\237\160\271\166\204\150\300\232\214\225\356\230\230}{chapter.4}% 24
\BOOKMARK [2][]{subsection.4.1.1}{\376\377\0004\000.\0001\000.\0001\000\040\173\046\123\367\171\351\124\214\150\300\232\214\176\337\213\241\221\317\000W\000+}{section.4.1}% 25
\BOOKMARK [2][]{subsection.4.1.2}{\376\377\0004\000.\0001\000.\0002\000\040\173\046\123\367\171\351\124\214\150\300\232\214}{section.4.1}% 26
\BOOKMARK [1][]{section.4.2}{\376\377\0004\000.\0002\000\040\173\046\123\367\171\351\124\214\150\300\232\214\176\337\213\241\221\317\000W\000+\166\204\140\047\215\050}{chapter.4}% 27
\BOOKMARK [2][]{subsection.4.2.1}{\376\377\0004\000.\0002\000.\0001\000\040\151\202\163\207\122\006\136\003}{section.4.2}% 28
\BOOKMARK [2][]{subsection.4.2.2}{\376\377\0004\000.\0002\000.\0002\000\040\000W\000+\122\006\136\003\166\204\133\371\171\360\140\047}{section.4.2}% 29
\BOOKMARK [1][]{section.4.3}{\376\377\0004\000.\0003\000\040\173\046\123\367\171\351\124\214\150\300\232\214\176\337\213\241\221\317\000W\000+\166\204\156\020\217\333\153\143\140\001\140\047}{chapter.4}% 30
\BOOKMARK [2][]{subsection.4.3.1}{\376\377\0004\000.\0003\000.\0001\000\040\147\037\147\033\116\016\145\271\135\356}{section.4.3}% 31
\BOOKMARK [2][]{subsection.4.3.2}{\376\377\0004\000.\0003\000.\0002\000\040\000W\000+\156\020\217\333\153\143\140\001\140\047}{section.4.3}% 32
\BOOKMARK [1][]{section.4.4}{\376\377\0004\000.\0004\000\040\136\163\127\107\171\351\154\325}{chapter.4}% 33
\BOOKMARK [2][]{subsection.4.4.1}{\376\377\0004\000.\0004\000.\0001\000\040\133\232\116\111}{section.4.4}% 34
\BOOKMARK [2][]{subsection.4.4.2}{\376\377\0004\000.\0004\000.\0002\000\040\140\047\215\050}{section.4.4}% 35
