\BOOKMARK [0][]{chapter.1}{\376\377\0001\000\040\147\201\226\120}{}% 1
\BOOKMARK [0][]{chapter.2}{\376\377\0002\000\040\123\125\123\330\221\317\121\375\145\160\166\204\217\336\176\355\140\047}{}% 2
\BOOKMARK [0][]{chapter.3}{\376\377\0003\000\040\123\125\123\330\221\317\121\375\145\160\166\204\137\256\122\006\133\146}{}% 3
\BOOKMARK [0][]{chapter.4}{\376\377\0004\000\040\116\015\133\232\171\357\122\006}{}% 4
\BOOKMARK [0][]{chapter.5}{\376\377\0005\000\040\123\125\123\330\221\317\121\375\145\160\166\204\171\357\122\006\133\146}{}% 5
\BOOKMARK [1][]{section.5.1}{\376\377\0005\000.\0001\000\040\123\330\116\012\226\120\171\357\122\006}{chapter.5}% 6
\BOOKMARK [0][]{chapter.6}{\376\377\0006\000\040\136\070\137\256\122\006\145\271\172\013\122\035\153\145}{}% 7
\BOOKMARK [0][]{chapter.7}{\376\377\0007\000\040\145\340\172\167\176\247\145\160}{}% 8
\BOOKMARK [0][]{chapter.8}{\376\377\0008\000\040\172\172\225\364\211\343\147\220\121\340\117\125}{}% 9
\BOOKMARK [0][]{chapter.9}{\376\377\0009\000\040\131\032\123\330\221\317\121\375\145\160\166\204\137\256\122\006\133\146}{}% 10
\BOOKMARK [1][]{section.9.1}{\376\377\0009\000.\0001\000\040\145\271\124\021\133\374\145\160\116\016\150\257\136\246}{chapter.9}% 11
\BOOKMARK [0][]{chapter.10}{\376\377\0001\0000\000\040\131\032\123\330\221\317\121\375\145\160\166\204\221\315\171\357\122\006}{}% 12
\BOOKMARK [0][]{chapter.11}{\376\377\0001\0001\000\040\146\362\176\277\171\357\122\006\124\214\146\362\227\142\171\357\122\006}{}% 13
\BOOKMARK [1][]{section.11.1}{\376\377\0001\0001\000.\0001\000\040\145\160\221\317\127\072\127\050\146\362\176\277\116\012\166\204\171\357\122\006}{chapter.11}% 14
\BOOKMARK [1][]{section.11.2}{\376\377\0001\0001\000.\0002\000\040\145\160\221\317\127\072\127\050\146\362\227\142\116\012\166\204\171\357\122\006}{chapter.11}% 15
\BOOKMARK [1][]{section.11.3}{\376\377\0001\0001\000.\0003\000\040\124\021\221\317\127\072\127\050\146\362\176\277\116\012\166\204\171\357\122\006}{chapter.11}% 16
\BOOKMARK [1][]{section.11.4}{\376\377\0001\0001\000.\0004\000\040\124\021\221\317\127\072\127\050\146\362\227\142\116\012\166\204\171\357\122\006}{chapter.11}% 17
\BOOKMARK [0][]{chapter.12}{\376\377\0001\0002\000\040\000F\000o\000u\000r\000i\000e\000r\122\006\147\220}{}% 18
\BOOKMARK [0][]{chapter.13}{\376\377\0001\0003\000\040\123\315\136\070\171\357\122\006\124\214\124\053\123\302\123\330\221\317\171\357\122\006}{}% 19
\BOOKMARK [0][]{chapter.14}{\376\377\0001\0004\000\040\133\236\134\136\164\006\213\272}{}% 20
\BOOKMARK [0][]{chapter.15}{\376\377\0001\0005\000\040\217\336\176\355\140\047\116\016\145\066\145\133\140\047}{}% 21
\BOOKMARK [0][]{chapter.16}{\376\377\0001\0006\000\040\136\246\221\317\172\172\225\364\166\204\217\336\176\355\121\375\145\160}{}% 22
\BOOKMARK [0][]{chapter.17}{\376\377\0001\0007\000\040\146\040\134\004\166\204\137\256\122\006}{}% 23
\BOOKMARK [0][]{chapter.18}{\376\377\0001\0008\000\040\000R\000i\000e\000m\000a\000n\000n\171\357\122\006}{}% 24
