\BOOKMARK [0][]{chapter.1}{\376\377\0001\000\040\000M\000a\000t\000r\000i\000x\000\040\000T\000h\000e\000o\000r\000e\000m}{}% 1
\BOOKMARK [1][]{section.1.1}{\376\377\0001\000.\0001\000\040\000L\000a\000p\000l\000a\000c\000e\000\040\000M\000a\000t\000r\000i\000x}{chapter.1}% 2
\BOOKMARK [1][]{section.1.2}{\376\377\0001\000.\0002\000\040\000K\000r\000o\000n\000e\000c\000k\000e\000r\000\040\000P\000r\000o\000d\000u\000c\000t}{chapter.1}% 3
\BOOKMARK [1][]{section.1.3}{\376\377\0001\000.\0003\000\040\000F\000r\000o\000b\000e\000n\000i\000u\000s\000\040\000N\000o\000r\000m\000\040\000a\000n\000d\000\040\000I\000n\000n\000e\000r\000\040\000P\000r\000o\000d\000u\000c\000t}{chapter.1}% 4
\BOOKMARK [1][]{section.1.4}{\376\377\0001\000.\0004\000\040\000D\000i\000a\000g\000o\000n\000a\000l\000l\000y\000-\000d\000o\000m\000i\000n\000a\000n\000t\000\040\000M\000a\000t\000r\000i\000x}{chapter.1}% 5
\BOOKMARK [1][]{section.1.5}{\376\377\0001\000.\0005\000\040\000H\000u\000r\000w\000i\000t\000z\000\040\000M\000a\000t\000r\000i\000x}{chapter.1}% 6
\BOOKMARK [0][]{chapter.2}{\376\377\0002\000\040\000C\000o\000n\000v\000e\000x\000\040\000O\000p\000t\000i\000m\000i\000z\000a\000t\000i\000o\000n}{}% 7
\BOOKMARK [1][]{section.2.1}{\376\377\0002\000.\0001\000\040\000C\000o\000n\000v\000e\000x\000\040\000F\000u\000n\000c\000t\000i\000o\000n}{chapter.2}% 8
\BOOKMARK [0][]{chapter.3}{\376\377\0003\000\040\000O\000D\000E}{}% 9
\BOOKMARK [1][]{section.3.1}{\376\377\0003\000.\0001\000\040\000L\000y\000a\000p\000u\000n\000o\000v\000\040\000S\000t\000a\000b\000i\000l\000i\000t\000y\000\040\000A\000n\000a\000l\000y\000s\000i\000s}{chapter.3}% 10
\BOOKMARK [1][]{section.3.2}{\376\377\0003\000.\0002\000\040\000E\000x\000p\000o\000n\000e\000n\000t\000i\000a\000l\000l\000y\000\040\000S\000t\000a\000b\000l\000e}{chapter.3}% 11
\BOOKMARK [1][]{section.3.3}{\376\377\0003\000.\0003\000\040\000G\000r\000o\000n\000w\000a\000l\000l\000-\000B\000e\000l\000l\000m\000a\000n\000\040\000I\000n\000e\000q\000u\000a\000l\000i\000t\000y}{chapter.3}% 12
\BOOKMARK [1][]{section.3.4}{\376\377\0003\000.\0004\000\040\000C\000o\000m\000p\000a\000r\000i\000s\000o\000n\000\040\000L\000e\000m\000m\000a}{chapter.3}% 13
\BOOKMARK [1][]{section.3.5}{\376\377\0003\000.\0005\000\040\000L\000a\000p\000l\000a\000c\000e\000\040\000T\000r\000a\000n\000s\000f\000o\000r\000m}{chapter.3}% 14
\BOOKMARK [2][]{subsection.3.5.1}{\376\377\0003\000.\0005\000.\0001\000\040\000L\000a\000p\000l\000a\000c\000e\000\040\000T\000r\000a\000n\000s\000f\000o\000r\000m\151\202\137\365}{section.3.5}% 15
\BOOKMARK [2][]{subsection.3.5.2}{\376\377\0003\000.\0005\000.\0002\000\040\000L\000a\000p\000l\000a\000c\000e\000\040\000T\000r\000a\000n\000s\000f\000o\000r\000m\166\370\121\163\121\154\137\017}{section.3.5}% 16
\BOOKMARK [3][]{subsubsection.3.5.2.1}{\376\377\0003\000.\0005\000.\0002\000.\0001\000\040\176\277\140\047\123\340\122\240\140\047}{subsection.3.5.2}% 17
\BOOKMARK [3][]{subsubsection.3.5.2.2}{\376\377\0003\000.\0005\000.\0002\000.\0002\000\040\137\256\122\006\140\047\215\050}{subsection.3.5.2}% 18
\BOOKMARK [3][]{subsubsection.3.5.2.3}{\376\377\0003\000.\0005\000.\0002\000.\0003\000\040\171\357\122\006\140\047\215\050}{subsection.3.5.2}% 19
\BOOKMARK [3][]{subsubsection.3.5.2.4}{\376\377\0003\000.\0005\000.\0002\000.\0004\000\040\166\370\117\074\140\047\215\050}{subsection.3.5.2}% 20
\BOOKMARK [3][]{subsubsection.3.5.2.5}{\376\377\0003\000.\0005\000.\0002\000.\0005\000\040\136\163\171\373\136\366\217\337}{subsection.3.5.2}% 21
\BOOKMARK [3][]{subsubsection.3.5.2.6}{\376\377\0003\000.\0005\000.\0002\000.\0006\000\040\117\115\171\373\140\047\215\050}{subsection.3.5.2}% 22
\BOOKMARK [3][]{subsubsection.3.5.2.7}{\376\377\0003\000.\0005\000.\0002\000.\0007\000\040\123\167\171\357\133\232\164\006}{subsection.3.5.2}% 23
\BOOKMARK [2][]{subsection.3.5.3}{\376\377\0003\000.\0005\000.\0003\000\040\121\340\116\052\136\070\165\050\166\204\000L\000a\000p\000l\000a\000c\000e\000\040\000T\000r\000a\000n\000s\000f\000o\000r\000m}{section.3.5}% 24
\BOOKMARK [1][]{section.3.6}{\376\377\0003\000.\0006\000\040\000B\000a\000r\000b\000a\000r\000l\000a\000t\000'\000s\000\040\000L\000e\000m\000m\000a}{chapter.3}% 25
\BOOKMARK [0][]{chapter.4}{\376\377\0004\000\040\000C\000a\000l\000c\000u\000l\000u\000s}{}% 26
\BOOKMARK [1][]{section.4.1}{\376\377\0004\000.\0001\000\040\167\351\226\065\116\016\203\003\145\160\154\102\133\374}{chapter.4}% 27
\BOOKMARK [2][]{subsection.4.1.1}{\376\377\0004\000.\0001\000.\0001\000\040\150\257\136\246}{section.4.1}% 28
\BOOKMARK [2][]{subsection.4.1.2}{\376\377\0004\000.\0001\000.\0002\000\040\167\351\226\065\137\256\122\006}{section.4.1}% 29
\BOOKMARK [1][]{section.4.2}{\376\377\0004\000.\0002\000\040\124\021\221\317\121\375\145\160\166\204\000T\000a\000y\000l\000o\000r\121\154\137\017}{chapter.4}% 30
\BOOKMARK [1][]{section.4.3}{\376\377\0004\000.\0003\000\040\145\160\221\317\121\375\145\160\133\371\124\021\221\317\166\204\133\374\145\160}{chapter.4}% 31
\BOOKMARK [0][]{chapter.5}{\376\377\0005\000\040\000G\000a\000m\000e\000\040\000T\000h\000e\000o\000r\000e\000m}{}% 32
\BOOKMARK [0][]{chapter.6}{\376\377\0006\000\040\000A\000d\000v\000a\000n\000c\000e\000d\000\040\000A\000l\000g\000e\000b\000r\000a}{}% 33
\BOOKMARK [1][]{section.6.1}{\376\377\0006\000.\0001\000\040\000G\000e\000r\000s\000c\000h\000g\000o\000r\000i\000n\000\040\000C\000i\000r\000c\000l\000e\000\040\000T\000h\000e\000o\000r\000e\000m\040\024\162\171\137\201\120\074\117\060\213\241}{chapter.6}% 34
\BOOKMARK [1][]{section.6.2}{\376\377\0006\000.\0002\000\040\000J\000o\000r\000d\000a\000n\000\040\000F\000o\000r\000m}{chapter.6}% 35
\BOOKMARK [1][]{section.6.3}{\376\377\0006\000.\0003\000\040\167\351\226\065\162\171\137\201\120\074\116\015\173\111\137\017}{chapter.6}% 36
\BOOKMARK [0][]{appendix.A}{\376\377\000A\000\040\000[\0001\000]}{}% 37
\BOOKMARK [1][]{section.A.1}{\376\377\000A\000.\0001\000\040\000T\000e\000r\000m\000i\000n\000o\000l\000o\000g\000y}{appendix.A}% 38
\BOOKMARK [1][]{section.A.2}{\376\377\000A\000.\0002\000\040\137\017\000\050\0008\000\051\116\055\166\204\000H\000u\000r\000w\000i\000t\000z\000\040\000M\000a\000t\000r\000i\000x}{appendix.A}% 39
\BOOKMARK [1][]{section.A.3}{\376\377\000A\000.\0003\000\040\137\017\000\050\0001\0001\000\051\166\204\137\072\121\371\121\375\145\160\116\015\173\111\137\017}{appendix.A}% 40
\BOOKMARK [1][]{section.A.4}{\376\377\000A\000.\0004\000\040\176\277\140\047\123\026\137\017\000\050\0001\0009\000\051}{appendix.A}% 41
\BOOKMARK [1][]{section.A.5}{\376\377\000A\000.\0005\000\040\137\017\000\050\0002\0000\000\051\116\055\226\062\177\072\133\127\000i\000s\000\040\000H\000u\000r\000w\000i\000t\000z}{appendix.A}% 42
\BOOKMARK [1][]{section.A.6}{\376\377\000A\000.\0006\000\040\137\017\000\050\0002\0000\000\051\116\055\166\204\000x\000*\143\007\145\160\172\063\133\232}{appendix.A}% 43
\BOOKMARK [1][]{section.A.7}{\376\377\000A\000.\0007\000\040\137\017\000\050\0002\0001\000\051}{appendix.A}% 44
\BOOKMARK [1][]{section.A.8}{\376\377\000A\000.\0008\000\040\143\250\133\374\121\372\137\017\000\050\0002\0008\000\051}{appendix.A}% 45
\BOOKMARK [0][]{appendix.B}{\376\377\000B\000\040\000[\0002\000]}{}% 46
\BOOKMARK [1][]{section.B.1}{\376\377\000B\000.\0001\000\040\137\017\000\050\0002\0000\000\051\116\055\166\204\000r\0000\123\326\120\074}{appendix.B}% 47
