\BOOKMARK [1][]{section.1}{\376\377\116\000\060\001\000\040\225\356\230\230\221\315\217\360}{}% 1
\BOOKMARK [2][]{subsection.1.1}{\376\377\0001\000.\0001\000\040\200\314\146\157\215\104\145\231}{section.1}% 2
\BOOKMARK [2][]{subsection.1.2}{\376\377\0001\000.\0002\000\040\227\000\211\201\211\343\121\263\166\204\225\356\230\230}{section.1}% 3
\BOOKMARK [1][]{section.2}{\376\377\116\214\060\001\000\040\225\356\230\230\122\006\147\220}{}% 4
\BOOKMARK [2][]{subsection.2.1}{\376\377\0002\000.\0001\000\040\225\356\230\230\116\000\122\006\147\220}{section.2}% 5
\BOOKMARK [2][]{subsection.2.2}{\376\377\0002\000.\0002\000\040\225\356\230\230\116\214\122\006\147\220}{section.2}% 6
\BOOKMARK [2][]{subsection.2.3}{\376\377\0002\000.\0003\000\040\225\356\230\230\116\011\122\006\147\220}{section.2}% 7
\BOOKMARK [2][]{subsection.2.4}{\376\377\0002\000.\0004\000\040\225\356\230\230\126\333\122\006\147\220}{section.2}% 8
\BOOKMARK [1][]{section.3}{\376\377\116\011\060\001\000\040\152\041\127\213\166\204\120\107\213\276}{}% 9
\BOOKMARK [1][]{section.4}{\376\377\126\333\060\001\000\040\173\046\123\367\213\364\146\016}{}% 10
\BOOKMARK [1][]{section.5}{\376\377\116\224\060\001\000\040\152\041\127\213\166\204\136\372\172\313\116\016\154\102\211\343}{}% 11
\BOOKMARK [2][]{subsection.5.1}{\376\377\0005\000.\0001\000\040\225\356\230\230\116\000\152\041\127\213\166\204\136\372\172\313\123\312\154\102\211\343}{section.5}% 12
\BOOKMARK [3][]{subsubsection.5.1.1}{\376\377\0005\000.\0001\000.\0001\000\040\152\041\127\213\166\204\121\306\131\007\377\032\145\160\143\156\123\357\211\306\123\026\116\016\131\004\164\006}{subsection.5.1}% 13
\BOOKMARK [3][]{subsubsection.5.1.2}{\376\377\0005\000.\0001\000.\0002\000\040\116\373\122\241\150\007\116\367\166\204\137\161\124\315\126\340\175\040}{subsection.5.1}% 14
\BOOKMARK [3][]{subsubsection.5.1.3}{\376\377\0005\000.\0001\000.\0003\000\040\137\161\124\315\126\340\175\040\166\204\166\370\121\163\140\047\122\006\147\220}{subsection.5.1}% 15
\BOOKMARK [3][]{subsubsection.5.1.4}{\376\377\0005\000.\0001\000.\0004\000\040\131\032\121\103\176\277\140\047\126\336\137\122\152\041\127\213}{subsection.5.1}% 16
\BOOKMARK [3][]{subsubsection.5.1.5}{\376\377\0005\000.\0001\000.\0005\000\040\116\373\122\241\147\052\133\214\142\020\166\204\123\237\126\340}{subsection.5.1}% 17
\BOOKMARK [2][]{subsection.5.2}{\376\377\0005\000.\0002\000\040\225\356\230\230\116\214\152\041\127\213\166\204\136\372\172\313\123\312\154\102\211\343}{section.5}% 18
\BOOKMARK [3][]{subsubsection.5.2.1}{\376\377\0005\000.\0002\000.\0001\000\040\152\041\127\213\166\204\121\306\131\007}{subsection.5.2}% 19
\BOOKMARK [2][]{subsection.5.3}{\376\377\0005\000.\0003\000\040\225\356\230\230\116\011\152\041\127\213\166\204\136\372\172\313\123\312\154\102\211\343}{section.5}% 20
\BOOKMARK [3][]{subsubsection.5.3.1}{\376\377\0005\000.\0003\000.\0001\000\040\116\373\122\241\166\204\142\123\123\005}{subsection.5.3}% 21
\BOOKMARK [3][]{subsubsection.5.3.2}{\376\377\0005\000.\0003\000.\0002\000\040\142\123\123\005\116\373\122\241\166\204\123\302\145\160\117\356\153\143}{subsection.5.3}% 22
\BOOKMARK [2][]{subsection.5.4}{\376\377\0005\000.\0004\000\040\225\356\230\230\126\333\152\041\127\213\166\204\136\372\172\313\123\312\154\102\211\343}{section.5}% 23
\BOOKMARK [3][]{subsubsection.5.4.1}{\376\377\0005\000.\0004\000.\0001\000\040\145\160\143\156\123\357\211\306\123\026\116\016\116\373\122\241\142\123\123\005}{subsection.5.4}% 24
\BOOKMARK [3][]{subsubsection.5.4.2}{\376\377\0005\000.\0004\000.\0002\000\040\000B\000P\171\136\176\317\177\121\176\334\152\041\127\213}{subsection.5.4}% 25
\BOOKMARK [1][]{section.6}{\376\377\121\155\060\001\000\040\152\041\127\213\166\204\213\304\116\367}{}% 26
\BOOKMARK [2][]{subsection.6.1}{\376\377\0006\000.\0001\000\040\152\041\127\213\166\204\117\030\160\271}{section.6}% 27
\BOOKMARK [2][]{subsection.6.2}{\376\377\0006\000.\0002\000\040\152\041\127\213\166\204\177\072\160\271}{section.6}% 28
\BOOKMARK [1][]{section.7}{\376\377\116\003\060\001\000\040\152\041\127\213\166\204\143\250\136\177}{}% 29
\BOOKMARK [1][]{section*.23}{\376\377\123\302\200\003\145\207\163\056}{}% 30
\BOOKMARK [1][]{appendix.a.A}{\376\377\226\104\137\125\000\040\000A\000\040\130\250\123\141\142\130\142\225\137\161\154\325}{}% 31
\BOOKMARK [1][]{appendix.a.B}{\376\377\226\104\137\125\000\040\000B\000\040\000K\000m\000e\000a\000n\000s\000-\200\132\174\173\173\227\154\325}{}% 32
\BOOKMARK [1][]{appendix.a.C}{\376\377\226\104\137\125\000\040\000C\000\040\134\102\153\041\200\132\174\173\154\325}{}% 33
