\BOOKMARK [0][]{chapter.1}{\376\377\0001\000\040\000M\000a\000t\000r\000i\000x\000\040\000T\000h\000e\000o\000r\000e\000m}{}% 1
\BOOKMARK [1][]{section.1.1}{\376\377\0001\000.\0001\000\040\000L\000a\000p\000l\000a\000c\000e\000\040\000M\000a\000t\000r\000i\000x}{chapter.1}% 2
\BOOKMARK [1][]{section.1.2}{\376\377\0001\000.\0002\000\040\000K\000r\000o\000n\000e\000c\000k\000e\000r\000\040\000P\000r\000o\000d\000u\000c\000t}{chapter.1}% 3
\BOOKMARK [1][]{section.1.3}{\376\377\0001\000.\0003\000\040\000F\000r\000o\000b\000e\000n\000i\000u\000s\000\040\000N\000o\000r\000m\000\040\000a\000n\000d\000\040\000I\000n\000n\000e\000r\000\040\000P\000r\000o\000d\000u\000c\000t}{chapter.1}% 4
\BOOKMARK [1][]{section.1.4}{\376\377\0001\000.\0004\000\040\000D\000i\000a\000g\000o\000n\000a\000l\000l\000y\000-\000d\000o\000m\000i\000n\000a\000n\000t\000\040\000M\000a\000t\000r\000i\000x}{chapter.1}% 5
\BOOKMARK [1][]{section.1.5}{\376\377\0001\000.\0005\000\040\000H\000u\000r\000w\000i\000t\000z\000\040\000M\000a\000t\000r\000i\000x}{chapter.1}% 6
\BOOKMARK [0][]{chapter.2}{\376\377\0002\000\040\000C\000o\000n\000v\000e\000x\000\040\000O\000p\000t\000i\000m\000i\000z\000a\000t\000i\000o\000n}{}% 7
\BOOKMARK [1][]{section.2.1}{\376\377\0002\000.\0001\000\040\000C\000o\000n\000v\000e\000x\000\040\000F\000u\000n\000c\000t\000i\000o\000n}{chapter.2}% 8
\BOOKMARK [0][]{chapter.3}{\376\377\0003\000\040\000O\000D\000E}{}% 9
\BOOKMARK [1][]{section.3.1}{\376\377\0003\000.\0001\000\040\000L\000y\000a\000p\000u\000n\000o\000v\000\040\000S\000t\000a\000b\000i\000l\000i\000t\000y\000\040\000A\000n\000a\000l\000y\000s\000i\000s}{chapter.3}% 10
\BOOKMARK [1][]{section.3.2}{\376\377\0003\000.\0002\000\040\000E\000x\000p\000o\000n\000e\000n\000t\000i\000a\000l\000l\000y\000\040\000S\000t\000a\000b\000l\000e}{chapter.3}% 11
\BOOKMARK [1][]{section.3.3}{\376\377\0003\000.\0003\000\040\000G\000r\000o\000n\000w\000a\000l\000l\000-\000B\000e\000l\000l\000m\000a\000n\000\040\000I\000n\000e\000q\000u\000a\000l\000i\000t\000y}{chapter.3}% 12
\BOOKMARK [0][]{chapter.4}{\376\377\0004\000\040\000C\000a\000l\000c\000u\000l\000u\000s}{}% 13
\BOOKMARK [1][]{section.4.1}{\376\377\0004\000.\0001\000\040\167\351\226\065\116\016\203\003\145\160\154\102\133\374}{chapter.4}% 14
\BOOKMARK [2][]{subsection.4.1.1}{\376\377\0004\000.\0001\000.\0001\000\040\150\257\136\246}{section.4.1}% 15
\BOOKMARK [2][]{subsection.4.1.2}{\376\377\0004\000.\0001\000.\0002\000\040\167\351\226\065\137\256\122\006}{section.4.1}% 16
\BOOKMARK [1][]{section.4.2}{\376\377\0004\000.\0002\000\040\124\021\221\317\121\375\145\160\166\204\000T\000a\000y\000l\000o\000r\121\154\137\017}{chapter.4}% 17
\BOOKMARK [0][]{chapter.5}{\376\377\0005\000\040\000G\000a\000m\000e\000\040\000T\000h\000e\000o\000r\000e\000m}{}% 18
\BOOKMARK [0][]{chapter.6}{\376\377\0006\000\040\000A\000d\000v\000a\000n\000c\000e\000d\000\040\000A\000l\000g\000e\000b\000r\000a}{}% 19
\BOOKMARK [1][]{section.6.1}{\376\377\0006\000.\0001\000\040\000G\000e\000r\000s\000c\000h\000g\000o\000r\000i\000n\000\040\000C\000i\000r\000c\000l\000e\000\040\000T\000h\000e\000o\000r\000e\000m\040\024\162\171\137\201\120\074\117\060\213\241}{chapter.6}% 20
\BOOKMARK [1][]{section.6.2}{\376\377\0006\000.\0002\000\040\000J\000o\000r\000d\000a\000n\000\040\000F\000o\000r\000m}{chapter.6}% 21
\BOOKMARK [1][]{section.6.3}{\376\377\0006\000.\0003\000\040\167\351\226\065\162\171\137\201\120\074\116\015\173\111\137\017}{chapter.6}% 22
\BOOKMARK [0][]{appendix.A}{\376\377\000A\000\040\000[\0001\000]\000D\000i\000s\000t\000r\000i\000b\000u\000t\000e\000d\000\040\000N\000a\000s\000h\000\040\000E\000q\000u\000i\000l\000i\000b\000r\000i\000u\000m\000\040\000S\000e\000e\000k\000i\000n\000g\000\040\000b\000y\000\040\000a\000\040\000C\000o\000n\000s\000e\000n\000s\000u\000s\000\040\000B\000a\000s\000e\000d\000\040\000A\000p\000p\000r\000o\000a\000c\000h}{}% 23
\BOOKMARK [1][]{section.A.1}{\376\377\000A\000.\0001\000\040\000T\000e\000r\000m\000i\000n\000o\000l\000o\000g\000y}{appendix.A}% 24
\BOOKMARK [1][]{section.A.2}{\376\377\000A\000.\0002\000\040\137\017\000\050\0008\000\051\116\055\166\204\000H\000u\000r\000w\000i\000t\000z\000\040\000M\000a\000t\000r\000i\000x}{appendix.A}% 25
\BOOKMARK [1][]{section.A.3}{\376\377\000A\000.\0003\000\040\176\277\140\047\123\026\137\017\000\050\0001\0009\000\051}{appendix.A}% 26
\BOOKMARK [1][]{section.A.4}{\376\377\000A\000.\0004\000\040\137\017\000\050\0002\0000\000\051\116\055\226\062\177\072\133\127\000i\000s\000\040\000H\000u\000r\000w\000i\000t\000z}{appendix.A}% 27
