\BOOKMARK [0][-]{chapter.1}{\376\377\145\366\225\364\136\217\122\027\122\006\147\220\173\200\116\313}{}% 1
\BOOKMARK [1][-]{section.1.1}{\376\377\145\366\225\364\136\217\122\027\166\204\133\232\116\111}{chapter.1}% 2
\BOOKMARK [2][-]{subsection.1.1.1}{\376\377\226\217\147\072\217\307\172\013\116\055\166\204\116\000\116\233\127\372\147\054\133\232\116\111}{section.1.1}% 3
\BOOKMARK [2][-]{subsection.1.1.2}{\376\377\226\217\147\072\136\217\122\027\133\232\116\111}{section.1.1}% 4
\BOOKMARK [1][-]{section.1.2}{\376\377\145\366\225\364\136\217\122\027\122\006\147\220\145\271\154\325}{chapter.1}% 5
\BOOKMARK [2][-]{subsection.1.2.1}{\376\377\143\317\217\360\140\047\145\366\225\364\136\217\122\027\122\006\147\220}{section.1.2}% 6
\BOOKMARK [2][-]{subsection.1.2.2}{\376\377\176\337\213\241\145\366\225\364\136\217\122\027\122\006\147\220}{section.1.2}% 7
\BOOKMARK [1][-]{section.1.3}{\376\377\145\366\225\364\136\217\122\027\122\006\147\220\217\157\116\366}{chapter.1}% 8
\BOOKMARK [0][-]{chapter.2}{\376\377\145\366\225\364\136\217\122\027\166\204\230\204\131\004\164\006}{}% 9
\BOOKMARK [1][-]{section.2.1}{\376\377\136\163\172\063\136\217\122\027\166\204\133\232\116\111}{chapter.2}% 10
\BOOKMARK [2][-]{subsection.2.1.1}{\376\377\162\171\137\201\176\337\213\241\221\317}{section.2.1}% 11
\BOOKMARK [2][-]{subsection.2.1.2}{\376\377\136\163\172\063\145\366\225\364\136\217\122\027\166\204\133\232\116\111}{section.2.1}% 12
\BOOKMARK [2][-]{subsection.2.1.3}{\376\377\136\163\172\063\145\366\225\364\136\217\122\027\166\204\176\337\213\241\140\047\215\050}{section.2.1}% 13
\BOOKMARK [2][-]{subsection.2.1.4}{\376\377\136\163\172\063\140\047\166\204\221\315\131\047\141\017\116\111}{section.2.1}% 14
\BOOKMARK [1][-]{section.2.2}{\376\377\136\217\122\027\166\204\136\163\172\063\140\047\150\300\232\214}{chapter.2}% 15
\BOOKMARK [2][-]{subsection.2.2.1}{\376\377\145\366\136\217\126\376\150\300\232\214}{section.2.2}% 16
\BOOKMARK [2][-]{subsection.2.2.2}{\376\377\201\352\166\370\121\163\126\376\150\300\232\214}{section.2.2}% 17
\BOOKMARK [1][-]{section.2.3}{\376\377\176\257\226\217\147\072\140\047\150\300\232\214}{chapter.2}% 18
\BOOKMARK [2][-]{subsection.2.3.1}{\376\377\176\257\226\217\147\072\136\217\122\027\166\204\133\232\116\111}{section.2.3}% 19
\BOOKMARK [2][-]{subsection.2.3.2}{\376\377\176\257\226\217\147\072\136\217\122\027\166\204\140\047\215\050}{section.2.3}% 20
\BOOKMARK [2][-]{subsection.2.3.3}{\376\377\176\257\226\217\147\072\140\047\150\300\232\214}{section.2.3}% 21
\BOOKMARK [2][-]{subsection.2.3.4}{\376\377\000E\000v\000i\000e\000w\000s\135\356\122\006\143\007\116\344}{section.2.3}% 22
\BOOKMARK [0][-]{chapter.3}{\376\377\000A\000R\000M\000A\152\041\127\213\166\204\140\047\215\050}{}% 23
\BOOKMARK [1][-]{section.3.1}{\376\377\000W\000o\000l\000d\122\006\211\343\133\232\164\006}{chapter.3}% 24
\BOOKMARK [2][-]{subsection.3.1.1}{\376\377\000W\000o\000l\000d\122\006\211\343\133\232\164\006\166\204\121\205\133\271}{section.3.1}% 25
\BOOKMARK [1][-]{section.3.2}{\376\377\000A\000R\152\041\127\213}{chapter.3}% 26
\BOOKMARK [2][-]{subsection.3.2.1}{\376\377\135\356\122\006\166\204\133\232\116\111}{section.3.2}% 27
\BOOKMARK [2][-]{subsection.3.2.2}{\376\377\000A\000R\152\041\127\213\166\204\133\232\116\111}{section.3.2}% 28
\BOOKMARK [2][-]{subsection.3.2.3}{\376\377\000A\000R\152\041\127\213\166\204\136\163\172\063\140\047\122\044\122\053}{section.3.2}% 29
\BOOKMARK [2][-]{subsection.3.2.4}{\376\377\136\163\172\063\000A\000R\000\050\000p\000\051\152\041\127\213\140\047\215\050}{section.3.2}% 30
\BOOKMARK [1][-]{section.3.3}{\376\377\000M\000A\152\041\127\213}{chapter.3}% 31
\BOOKMARK [2][-]{subsection.3.3.1}{\376\377\000M\000A\152\041\127\213\166\204\133\232\116\111}{section.3.3}% 32
\BOOKMARK [2][-]{subsection.3.3.2}{\376\377\000M\000A\152\041\127\213\166\204\176\337\213\241\140\047\215\050}{section.3.3}% 33
\BOOKMARK [2][-]{subsection.3.3.3}{\376\377\000M\000A\000\050\000q\000\051\152\041\127\213\166\204\123\357\220\006\140\047}{section.3.3}% 34
\BOOKMARK [2][-]{subsection.3.3.4}{\376\377\000M\000A\152\041\127\213\120\117\201\352\166\370\121\163\174\373\145\160\142\326\134\076}{section.3.3}% 35
\BOOKMARK [1][-]{section.3.4}{\376\377\000A\000R\000M\000A\152\041\127\213}{chapter.3}% 36
\BOOKMARK [2][-]{subsection.3.4.1}{\376\377\000A\000R\000M\000A\152\041\127\213\166\204\133\232\116\111}{section.3.4}% 37
\BOOKMARK [2][-]{subsection.3.4.2}{\376\377\136\163\172\063\147\141\116\366\116\016\123\357\220\006\147\141\116\366}{section.3.4}% 38
\BOOKMARK [2][-]{subsection.3.4.3}{\376\377\117\040\220\022\137\142\137\017\116\016\220\006\217\154\137\142\137\017}{section.3.4}% 39
\BOOKMARK [2][-]{subsection.3.4.4}{\376\377\000A\000R\000M\000A\000\050\000p\000,\000q\000\051\152\041\127\213\166\204\176\337\213\241\140\047\215\050}{section.3.4}% 40
\BOOKMARK [2][-]{subsection.3.4.5}{\376\377\000A\000R\000M\000A\152\041\127\213\166\204\166\370\121\163\140\047}{section.3.4}% 41
\BOOKMARK [0][-]{chapter.4}{\376\377\136\163\172\063\136\217\122\027\142\337\124\010\116\016\230\204\155\113}{}% 42
\BOOKMARK [1][-]{section.4.1}{\376\377\136\372\152\041\153\145\232\244}{chapter.4}% 43
\BOOKMARK [1][-]{section.4.2}{\376\377\123\125\117\115\150\071\150\300\232\214}{chapter.4}% 44
\BOOKMARK [2][-]{subsection.4.2.1}{\376\377\000D\000F\150\300\232\214}{section.4.2}% 45
\BOOKMARK [2][-]{subsection.4.2.2}{\376\377\000D\000F\150\300\232\214\166\204\173\111\116\367\210\150\217\276}{section.4.2}% 46
\BOOKMARK [2][-]{subsection.4.2.3}{\376\377\000D\000F\150\300\232\214\166\204\116\011\171\315\174\173\127\213}{section.4.2}% 47
\BOOKMARK [2][-]{subsection.4.2.4}{\376\377\000A\000D\000F\150\300\232\214}{section.4.2}% 48
\BOOKMARK [1][-]{section.4.3}{\376\377\152\041\127\213\213\306\122\053}{chapter.4}% 49
\BOOKMARK [1][-]{section.4.4}{\376\377\123\302\145\160\117\060\213\241}{chapter.4}% 50
\BOOKMARK [2][-]{subsection.4.4.1}{\376\377\167\351\117\060\213\241}{section.4.4}% 51
